<?xml version="1.0" encoding="UTF-8" ?>
<testsuite tests="8" failures="0" name="WebTest" time="4.477" errors="0" skipped="0">
  <properties>
[...]
</properties>
  <testcase classname="WebTest" name="testDeleteUserNotFound" time="2.71"/>
  <testcase classname="WebTest" name="testDeleteUserSuccess" time="0.313"/>
  <testcase classname="WebTest" name="testGetUserNotFound" time="0.047"/>
  <testcase classname="WebTest" name="testGetUserSuccess" time="0.078"/>
  <testcase classname="WebTest" name="testRegisterFailure" time="0.313"/>
  <testcase classname="WebTest" name="testRegisterSuccess" time="0.328"/>
  <testcase classname="WebTest" name="testUpdateUserNotFound" time="0.376"/>
  <testcase classname="WebTest" name="testUpdateUserSuccess" time="0.312"/>
</testsuite>