<?xml version="1.0" encoding="UTF-8"?>
<testng-results ignored="0" total="8" passed="8" failed="0" skipped="0">
  <reporter-output>
  </reporter-output>
  <suite started-at="2024-12-24T03:00:43 UTC" name="WebTest" finished-at="2024-12-24T03:00:48 UTC" duration-ms="4508">
    <groups>
    </groups>
    <test started-at="2024-12-24T03:00:43 UTC" name="Command line test" finished-at="2024-12-24T03:00:48 UTC" duration-ms="4508">
      <class name="WebTest">
        <test-method signature="testDeleteUserNotFound()[pri:0, instance:WebTest@49dc7102]" started-at="2024-12-24T03:00:43 UTC" name="testDeleteUserNotFound" description="Кейс с неудавшимся удалением пользователя" finished-at="2024-12-24T03:00:46 UTC" duration-ms="2663" status="PASS">
          <reporter-output>
          </reporter-output>
        </test-method> <!-- testDeleteUserNotFound -->
        <test-method signature="testDeleteUserSuccess()[pri:0, instance:WebTest@49dc7102]" started-at="2024-12-24T03:00:46 UTC" name="testDeleteUserSuccess" description="Кейс с успешным удалением пользователя" finished-at="2024-12-24T03:00:47 UTC" duration-ms="297" status="PASS">
          <reporter-output>
          </reporter-output>
        </test-method> <!-- testDeleteUserSuccess -->
        <test-method signature="testGetUserNotFound()[pri:0, instance:WebTest@49dc7102]" started-at="2024-12-24T03:00:47 UTC" name="testGetUserNotFound" description="Кейс с неудавшимся получением информации о пользователе" finished-at="2024-12-24T03:00:47 UTC" duration-ms="47" status="PASS">
          <reporter-output>
          </reporter-output>
        </test-method> <!-- testGetUserNotFound -->
        <test-method signature="testGetUserSuccess()[pri:0, instance:WebTest@49dc7102]" started-at="2024-12-24T03:00:47 UTC" name="testGetUserSuccess" description="Кейс с успешным получением информации о пользователе" finished-at="2024-12-24T03:00:47 UTC" duration-ms="78" status="PASS">
          <reporter-output>
          </reporter-output>
        </test-method> <!-- testGetUserSuccess -->
        <test-method signature="testRegisterFailure()[pri:0, instance:WebTest@49dc7102]" started-at="2024-12-24T03:00:47 UTC" name="testRegisterFailure" description="Кейс с ошибкой при регистрации" finished-at="2024-12-24T03:00:47 UTC" duration-ms="313" status="PASS">
          <reporter-output>
          </reporter-output>
        </test-method> <!-- testRegisterFailure -->
        <test-method signature="testRegisterSuccess()[pri:0, instance:WebTest@49dc7102]" started-at="2024-12-24T03:00:47 UTC" name="testRegisterSuccess" description="Кейс с успешной регистрацией" finished-at="2024-12-24T03:00:47 UTC" duration-ms="328" status="PASS">
          <reporter-output>
          </reporter-output>
        </test-method> <!-- testRegisterSuccess -->
        <test-method signature="testUpdateUserNotFound()[pri:0, instance:WebTest@49dc7102]" started-at="2024-12-24T03:00:47 UTC" name="testUpdateUserNotFound" description="Кейс с ошибкой изменения данных пользователя" finished-at="2024-12-24T03:00:48 UTC" duration-ms="376" status="PASS">
          <reporter-output>
          </reporter-output>
        </test-method> <!-- testUpdateUserNotFound -->
        <test-method signature="testUpdateUserSuccess()[pri:0, instance:WebTest@49dc7102]" started-at="2024-12-24T03:00:48 UTC" name="testUpdateUserSuccess" description="Кейс с успешным изменением данных пользователя" finished-at="2024-12-24T03:00:48 UTC" duration-ms="312" status="PASS">
          <reporter-output>
          </reporter-output>
        </test-method> <!-- testUpdateUserSuccess -->
      </class> <!-- WebTest -->
    </test> <!-- Command line test -->
  </suite> <!-- WebTest -->
</testng-results>
