<?xml version="1.0" encoding="UTF-8"?>
<!-- Generated by org.testng.reporters.JUnitXMLReporter -->
<testsuite ignored="0" hostname="fv-az1388-591" failures="0" tests="8" name="Command line test" time="4.508" errors="0" timestamp="2024-12-24T03:00:48 UTC">
  <testcase classname="WebTest" name="testDeleteUserNotFound" time="2.663"/>
  <testcase classname="WebTest" name="testDeleteUserSuccess" time="0.297"/>
  <testcase classname="WebTest" name="testGetUserNotFound" time="0.047"/>
  <testcase classname="WebTest" name="testGetUserSuccess" time="0.078"/>
  <testcase classname="WebTest" name="testRegisterFailure" time="0.313"/>
  <testcase classname="WebTest" name="testRegisterSuccess" time="0.328"/>
  <testcase classname="WebTest" name="testUpdateUserNotFound" time="0.376"/>
  <testcase classname="WebTest" name="testUpdateUserSuccess" time="0.312"/>
</testsuite> <!-- Command line test -->
