<?xml version="1.0" encoding="UTF-8"?>
<!-- Generated by org.testng.reporters.JUnitXMLReporter -->
<testsuite ignored="0" hostname="DESKTOP-SHMN5S3" failures="0" tests="8" name="Surefire test" time="5.279" errors="0" timestamp="2024-12-24T04:46:33 MSK">
  <testcase classname="WebTest" name="testDeleteUserNotFound" time="2.436"/>
  <testcase classname="WebTest" name="testDeleteUserSuccess" time="0.33"/>
  <testcase classname="WebTest" name="testGetUserNotFound" time="0.347"/>
  <testcase classname="WebTest" name="testGetUserSuccess" time="0.264"/>
  <testcase classname="WebTest" name="testRegisterFailure" time="0.364"/>
  <testcase classname="WebTest" name="testRegisterSuccess" time="0.355"/>
  <testcase classname="WebTest" name="testUpdateUserNotFound" time="0.752"/>
  <testcase classname="WebTest" name="testUpdateUserSuccess" time="0.336"/>
</testsuite> <!-- Surefire test -->
